<?xml version="1.0" encoding="UTF-8"?>
<!-- Generated by org.testng.reporters.JUnitReportReporter -->
<testsuite hostname="LAPTOP-2GUN9U94" failures="0" tests="1" name="testclass.Post_TC_2" time="0.774" errors="0" timestamp="2023-05-23T10:13:22 IST" skipped="0">
  <testcase classname="testclass.Post_TC_2" name="execute" time="0.774"/>
  <system-out/>
</testsuite> <!-- testclass.Post_TC_2 -->
