<?xml version="1.0" encoding="UTF-8"?>
<!-- Generated by org.testng.reporters.JUnitReportReporter -->
<testsuite hostname="LAPTOP-2GUN9U94" failures="0" tests="1" name="testclass.Post_TC_1" time="2.555" errors="0" timestamp="2023-05-23T10:13:22 IST" skipped="0">
  <testcase classname="testclass.Post_TC_1" name="execute" time="2.555"/>
  <system-out/>
</testsuite> <!-- testclass.Post_TC_1 -->
